2018-09-07 09:06:33,319 | INFO | POST request for dealerId: 9876655, vehicleId: 987636, imageId:76554, imageUrl: https://img.lotlinx.com/vdn/7416/jeep_wrangler%20unlimited_2014_1C4BJWFG3EL326863_7416_339187295.jpg
2018-09-07 09:06:33,321 | ERROR | Could not find server; check network connection.
2018-09-07 09:09:40,284 | INFO | POST request for dealerId: 9876655, vehicleId: 987636, imageId:76554, imageUrl: https://img.lotlinx.com/vdn/7416/jeep_wrangler%20unlimited_2014_1C4BJWFG3EL326863_7416_339187295.jpg
2018-09-07 09:09:40,581 | INFO | POST Request finished with status code 200
2018-09-07 09:09:40,582 | INFO | POST request for dealerId: 9876655, vehicleId: 987636, imageId:76554, imageUrl: https://img.lotlinx.com/vdn/7416/jeep_wrangler%20unlimited_2014_1C4BJWFG3EL326863_7416_2_339187295.jpg
2018-09-07 09:09:40,727 | INFO | POST Request finished with status code 200
2018-09-07 09:09:40,727 | INFO | POST request for dealerId: 9876655, vehicleId: 987636, imageId:76554, imageUrl: https://img.lotlinx.com/vdn/7416/jeep_wrangler%20unlimited_2014_1C4BJWFG3EL326863_7416_3_339187295.jpg
2018-09-07 09:09:40,880 | INFO | POST Request finished with status code 200
2018-09-07 09:09:40,880 | INFO | POST request for dealerId: 9876655, vehicleId: 987636, imageId:76554, imageUrl: https://img.lotlinx.com/vdn/7416/jeep_wrangler%20unlimited_2014_1C4BJWFG3EL326863_7416_4_339187295.jpg
2018-09-07 09:09:41,024 | INFO | POST Request finished with status code 200
2018-09-07 09:09:41,024 | INFO | POST request for dealerId: 9876655, vehicleId: 987636, imageId:76554, imageUrl: https://img.lotlinx.com/vdn/7416/jeep_wrangler%20unlimited_2014_1C4BJWFG3EL326863_7416_5_339187295.jpg
2018-09-07 09:09:41,173 | INFO | POST Request finished with status code 200
2018-09-07 09:09:41,173 | INFO | GET Request with token: 08LKSiYOlaTVapSq7EHWVAAu9naSIwUR2zwjDOLuxaaiLT43A9SQ4xbUuWQqgqDm
2018-09-07 09:09:41,316 | INFO | GET Request finished with status code 200
2018-09-07 09:11:41,316 | INFO | GET Request with token: 08LKSiYOlaTVapSq7EHWVAAu9naSIwUR2zwjDOLuxaaiLT43A9SQ4xbUuWQqgqDm
2018-09-07 09:11:41,468 | INFO | GET Request finished with status code 200
2018-09-07 09:13:41,469 | INFO | GET Request with token: 08LKSiYOlaTVapSq7EHWVAAu9naSIwUR2zwjDOLuxaaiLT43A9SQ4xbUuWQqgqDm
2018-09-07 09:13:41,610 | INFO | GET Request finished with status code 200
2018-09-07 09:13:41,610 | INFO | GET Request with token: A33JM9HCa9Jfmaac4gMCGakXcLIpd4is3H3py2HwbsUGsv79fZwcLXkpvPPkaNvw
2018-09-07 09:13:41,754 | INFO | GET Request finished with status code 200
2018-09-07 09:13:41,754 | INFO | GET Request with token: iBdFiESeLXq25rYbVtx8HlOFoNhW5kRKzeT6Wwb965uBOEUMwtf5BAi5ar4YgTBO
2018-09-07 09:13:41,898 | INFO | GET Request finished with status code 200
2018-09-07 09:13:41,898 | ERROR | Token: iBdFiESeLXq25rYbVtx8HlOFoNhW5kRKzeT6Wwb965uBOEUMwtf5BAi5ar4YgTBO resulted in failed return status
2018-09-07 09:13:41,898 | INFO | GET Request with token: VIovyBllxTgD1pbVDlB9nidUjLINBSihVGPnzxTMgGYuvirkSLcO4MHKa2lJW6Co
2018-09-07 09:13:42,038 | INFO | GET Request finished with status code 200
2018-09-07 09:13:42,038 | ERROR | Token: VIovyBllxTgD1pbVDlB9nidUjLINBSihVGPnzxTMgGYuvirkSLcO4MHKa2lJW6Co resulted in failed return status
2018-09-07 09:13:42,038 | INFO | GET Request with token: auBWUsWUzjSOnb6ki5TR7zDONgSgUVVyL3kwLWYmJfomT2eK3TZ5en4Q3MP57ywo
2018-09-07 09:13:42,179 | INFO | GET Request finished with status code 200
2018-09-07 09:13:42,179 | INFO | GET Request for status: queued and startDate: 2018-09-06T22:00:00
2018-09-07 09:13:42,322 | INFO | GET Request finished with status code 200
2018-09-07 09:13:42,322 | INFO | GET request for token: 08LKSiYOlaTVapSq7EHWVAAu9naSIwUR2zwjDOLuxaaiLT43A9SQ4xbUuWQqgqDm
2018-09-07 09:13:42,465 | INFO | GET Request finished with status code 200
2018-09-07 09:13:42,466 | INFO | Successful modified image: http://lotlinx-ml-images.s3.amazonaws.com/front_3_quarter/jeep_wrangler%20unlimited_2014_1C4BJWFG3EL326863_7416_339187295.png
2018-09-07 09:13:42,466 | INFO | GET request for token: A33JM9HCa9Jfmaac4gMCGakXcLIpd4is3H3py2HwbsUGsv79fZwcLXkpvPPkaNvw
2018-09-07 09:13:42,608 | INFO | GET Request finished with status code 200
2018-09-07 09:13:42,608 | INFO | Successful modified image: http://lotlinx-ml-images.s3.amazonaws.com/front/jeep_wrangler%20unlimited_2014_1C4BJWFG3EL326863_7416_2_339187295.png
2018-09-07 09:13:42,608 | INFO | GET request for token: auBWUsWUzjSOnb6ki5TR7zDONgSgUVVyL3kwLWYmJfomT2eK3TZ5en4Q3MP57ywo
2018-09-07 09:13:42,756 | INFO | GET Request finished with status code 200
2018-09-07 09:13:42,756 | INFO | Successful modified image: http://lotlinx-ml-images.s3.amazonaws.com/side/jeep_wrangler%20unlimited_2014_1C4BJWFG3EL326863_7416_5_339187295.png
